<?xml version="1.0" encoding="UTF-8"?>
<robot generator="Robot 3.1.2 (Python 3.7.4 on win32)" generated="20191110 18:06:55.959" rpa="false">
<suite id="s1" name="Res Form" source="E:\My programming\robot-framework\Responsive Checkout Form\res_form.robot">
<test id="s1-t1" name="กรณีบันทึกสำเร็จ">
<kw name="เปิดเบราว์เซอร์" library="key">
<kw name="Open Browser" library="Selenium2Library">
<doc>Opens a new browser instance to the given ``url``.</doc>
<arguments>
<arg>${url}</arg>
<arg>gc</arg>
</arguments>
<msg timestamp="20191110 18:06:56.149" level="INFO">Opening browser 'gc' to base url 'file:///E:/My%20programming/robot-framework/Responsive%20Checkout%20Form/Responsive%20Checkout%20Form.html'.</msg>
<status status="PASS" starttime="20191110 18:06:56.149" endtime="20191110 18:06:59.098"></status>
</kw>
<kw name="Maximize Browser Window" library="Selenium2Library">
<doc>Maximizes current browser window.</doc>
<status status="PASS" starttime="20191110 18:06:59.099" endtime="20191110 18:07:00.214"></status>
</kw>
<kw name="Sleep" library="BuiltIn">
<doc>Pauses the test executed for the given time.</doc>
<arguments>
<arg>1s</arg>
</arguments>
<msg timestamp="20191110 18:07:01.215" level="INFO">Slept 1 second</msg>
<status status="PASS" starttime="20191110 18:07:00.215" endtime="20191110 18:07:01.215"></status>
</kw>
<status status="PASS" starttime="20191110 18:06:56.148" endtime="20191110 18:07:01.215"></status>
</kw>
<kw name="กรอกชื่อจริง &quot;Namchok&quot;" library="key">
<kw name="Input Text" library="Selenium2Library">
<doc>Types the given ``text`` into the text field identified by ``locator``.</doc>
<arguments>
<arg>${input_name}</arg>
<arg>${name}</arg>
</arguments>
<msg timestamp="20191110 18:07:01.216" level="INFO">Typing text 'Namchok' into text field 'xpath=//*[@id="fname"]'.</msg>
<status status="PASS" starttime="20191110 18:07:01.216" endtime="20191110 18:07:01.285"></status>
</kw>
<kw name="Sleep" library="BuiltIn">
<doc>Pauses the test executed for the given time.</doc>
<arguments>
<arg>1s</arg>
</arguments>
<msg timestamp="20191110 18:07:02.286" level="INFO">Slept 1 second</msg>
<status status="PASS" starttime="20191110 18:07:01.285" endtime="20191110 18:07:02.286"></status>
</kw>
<status status="PASS" starttime="20191110 18:07:01.216" endtime="20191110 18:07:02.286"></status>
</kw>
<kw name="กรอกอีเมล &quot;pech@gg.com&quot;" library="key">
<kw name="Input Text" library="Selenium2Library">
<doc>Types the given ``text`` into the text field identified by ``locator``.</doc>
<arguments>
<arg>${input_email}</arg>
<arg>${email}</arg>
</arguments>
<msg timestamp="20191110 18:07:02.287" level="INFO">Typing text 'pech@gg.com' into text field 'xpath=//*[@id="email"]'.</msg>
<status status="PASS" starttime="20191110 18:07:02.287" endtime="20191110 18:07:02.355"></status>
</kw>
<kw name="Sleep" library="BuiltIn">
<doc>Pauses the test executed for the given time.</doc>
<arguments>
<arg>1s</arg>
</arguments>
<msg timestamp="20191110 18:07:03.358" level="INFO">Slept 1 second</msg>
<status status="PASS" starttime="20191110 18:07:02.356" endtime="20191110 18:07:03.358"></status>
</kw>
<status status="PASS" starttime="20191110 18:07:02.287" endtime="20191110 18:07:03.358"></status>
</kw>
<kw name="กรอกที่อยู่ &quot;192 road 123&quot;" library="key">
<kw name="Input Text" library="Selenium2Library">
<doc>Types the given ``text`` into the text field identified by ``locator``.</doc>
<arguments>
<arg>${input_address}</arg>
<arg>${address}</arg>
</arguments>
<msg timestamp="20191110 18:07:03.359" level="INFO">Typing text '192 road 123' into text field 'xpath=//*[@id="adr"]'.</msg>
<status status="PASS" starttime="20191110 18:07:03.359" endtime="20191110 18:07:03.441"></status>
</kw>
<kw name="Sleep" library="BuiltIn">
<doc>Pauses the test executed for the given time.</doc>
<arguments>
<arg>1s</arg>
</arguments>
<msg timestamp="20191110 18:07:04.441" level="INFO">Slept 1 second</msg>
<status status="PASS" starttime="20191110 18:07:03.441" endtime="20191110 18:07:04.441"></status>
</kw>
<status status="PASS" starttime="20191110 18:07:03.359" endtime="20191110 18:07:04.441"></status>
</kw>
<kw name="กรอกเมือง &quot;Parise&quot;" library="key">
<kw name="Input Text" library="Selenium2Library">
<doc>Types the given ``text`` into the text field identified by ``locator``.</doc>
<arguments>
<arg>${input_city}</arg>
<arg>${city}</arg>
</arguments>
<msg timestamp="20191110 18:07:04.442" level="INFO">Typing text 'Parise' into text field 'xpath=//*[@id="city"]'.</msg>
<status status="PASS" starttime="20191110 18:07:04.442" endtime="20191110 18:07:04.506"></status>
</kw>
<kw name="Sleep" library="BuiltIn">
<doc>Pauses the test executed for the given time.</doc>
<arguments>
<arg>1s</arg>
</arguments>
<msg timestamp="20191110 18:07:05.507" level="INFO">Slept 1 second</msg>
<status status="PASS" starttime="20191110 18:07:04.506" endtime="20191110 18:07:05.507"></status>
</kw>
<status status="PASS" starttime="20191110 18:07:04.442" endtime="20191110 18:07:05.507"></status>
</kw>
<kw name="กรอกจังหวัด &quot;Rodon&quot;" library="key">
<kw name="Input Text" library="Selenium2Library">
<doc>Types the given ``text`` into the text field identified by ``locator``.</doc>
<arguments>
<arg>${input_state}</arg>
<arg>${state}</arg>
</arguments>
<msg timestamp="20191110 18:07:05.508" level="INFO">Typing text 'Rodon' into text field 'xpath=//*[@id="state"]'.</msg>
<status status="PASS" starttime="20191110 18:07:05.508" endtime="20191110 18:07:05.569"></status>
</kw>
<kw name="Sleep" library="BuiltIn">
<doc>Pauses the test executed for the given time.</doc>
<arguments>
<arg>1s</arg>
</arguments>
<msg timestamp="20191110 18:07:06.570" level="INFO">Slept 1 second</msg>
<status status="PASS" starttime="20191110 18:07:05.569" endtime="20191110 18:07:06.570"></status>
</kw>
<status status="PASS" starttime="20191110 18:07:05.508" endtime="20191110 18:07:06.570"></status>
</kw>
<kw name="กรอกรหัสไปรษณีย์ &quot;2333&quot;" library="key">
<kw name="Input Text" library="Selenium2Library">
<doc>Types the given ``text`` into the text field identified by ``locator``.</doc>
<arguments>
<arg>${input_zip}</arg>
<arg>${zip}</arg>
</arguments>
<msg timestamp="20191110 18:07:06.571" level="INFO">Typing text '2333' into text field 'xpath=//*[@id="zip"]'.</msg>
<status status="PASS" starttime="20191110 18:07:06.571" endtime="20191110 18:07:06.630"></status>
</kw>
<kw name="Sleep" library="BuiltIn">
<doc>Pauses the test executed for the given time.</doc>
<arguments>
<arg>1s</arg>
</arguments>
<msg timestamp="20191110 18:07:07.632" level="INFO">Slept 1 second</msg>
<status status="PASS" starttime="20191110 18:07:06.630" endtime="20191110 18:07:07.632"></status>
</kw>
<status status="PASS" starttime="20191110 18:07:06.571" endtime="20191110 18:07:07.632"></status>
</kw>
<kw name="กรอกชื่อเครดิตการ์ด &quot;Namchok&quot;" library="key">
<kw name="Input Text" library="Selenium2Library">
<doc>Types the given ``text`` into the text field identified by ``locator``.</doc>
<arguments>
<arg>${input_cname}</arg>
<arg>${cname}</arg>
</arguments>
<msg timestamp="20191110 18:07:07.633" level="INFO">Typing text 'Namchok' into text field 'xpath=//*[@id="cname"]'.</msg>
<status status="PASS" starttime="20191110 18:07:07.633" endtime="20191110 18:07:07.696"></status>
</kw>
<kw name="Sleep" library="BuiltIn">
<doc>Pauses the test executed for the given time.</doc>
<arguments>
<arg>1s</arg>
</arguments>
<msg timestamp="20191110 18:07:08.698" level="INFO">Slept 1 second</msg>
<status status="PASS" starttime="20191110 18:07:07.697" endtime="20191110 18:07:08.698"></status>
</kw>
<status status="PASS" starttime="20191110 18:07:07.633" endtime="20191110 18:07:08.698"></status>
</kw>
<kw name="กรอกเลขเครดิตการ์ด &quot;4111222233334444&quot;" library="key">
<kw name="Input Text" library="Selenium2Library">
<doc>Types the given ``text`` into the text field identified by ``locator``.</doc>
<arguments>
<arg>${input_ccnum}</arg>
<arg>${ccnum}</arg>
</arguments>
<msg timestamp="20191110 18:07:08.699" level="INFO">Typing text '4111222233334444' into text field 'xpath=//*[@id="ccnum"]'.</msg>
<status status="PASS" starttime="20191110 18:07:08.699" endtime="20191110 18:07:08.774"></status>
</kw>
<kw name="Sleep" library="BuiltIn">
<doc>Pauses the test executed for the given time.</doc>
<arguments>
<arg>1s</arg>
</arguments>
<msg timestamp="20191110 18:07:09.774" level="INFO">Slept 1 second</msg>
<status status="PASS" starttime="20191110 18:07:08.774" endtime="20191110 18:07:09.774"></status>
</kw>
<status status="PASS" starttime="20191110 18:07:08.699" endtime="20191110 18:07:09.774"></status>
</kw>
<kw name="กรอกเดือนหมดอายุ &quot;September&quot;" library="key">
<kw name="Input Text" library="Selenium2Library">
<doc>Types the given ``text`` into the text field identified by ``locator``.</doc>
<arguments>
<arg>${input_expmonth}</arg>
<arg>${expmonth}</arg>
</arguments>
<msg timestamp="20191110 18:07:09.775" level="INFO">Typing text 'September' into text field 'xpath=//*[@id="expmonth"]'.</msg>
<status status="PASS" starttime="20191110 18:07:09.775" endtime="20191110 18:07:09.844"></status>
</kw>
<kw name="Sleep" library="BuiltIn">
<doc>Pauses the test executed for the given time.</doc>
<arguments>
<arg>1s</arg>
</arguments>
<msg timestamp="20191110 18:07:10.844" level="INFO">Slept 1 second</msg>
<status status="PASS" starttime="20191110 18:07:09.844" endtime="20191110 18:07:10.844"></status>
</kw>
<status status="PASS" starttime="20191110 18:07:09.775" endtime="20191110 18:07:10.844"></status>
</kw>
<kw name="กรอกปีหมดอายุ &quot;2019&quot;" library="key">
<kw name="Input Text" library="Selenium2Library">
<doc>Types the given ``text`` into the text field identified by ``locator``.</doc>
<arguments>
<arg>${input_expyear}</arg>
<arg>${expyear}</arg>
</arguments>
<msg timestamp="20191110 18:07:10.845" level="INFO">Typing text '2019' into text field 'xpath=//*[@id="expyear"]'.</msg>
<status status="PASS" starttime="20191110 18:07:10.845" endtime="20191110 18:07:10.908"></status>
</kw>
<kw name="Sleep" library="BuiltIn">
<doc>Pauses the test executed for the given time.</doc>
<arguments>
<arg>1s</arg>
</arguments>
<msg timestamp="20191110 18:07:11.908" level="INFO">Slept 1 second</msg>
<status status="PASS" starttime="20191110 18:07:10.908" endtime="20191110 18:07:11.908"></status>
</kw>
<status status="PASS" starttime="20191110 18:07:10.844" endtime="20191110 18:07:11.908"></status>
</kw>
<kw name="กรอกCVV &quot;123&quot;" library="key">
<kw name="Input Text" library="Selenium2Library">
<doc>Types the given ``text`` into the text field identified by ``locator``.</doc>
<arguments>
<arg>${input_cvv}</arg>
<arg>${cvv}</arg>
</arguments>
<msg timestamp="20191110 18:07:11.909" level="INFO">Typing text '123' into text field 'xpath=//*[@id="cvv"]'.</msg>
<status status="PASS" starttime="20191110 18:07:11.909" endtime="20191110 18:07:11.967"></status>
</kw>
<kw name="Sleep" library="BuiltIn">
<doc>Pauses the test executed for the given time.</doc>
<arguments>
<arg>1s</arg>
</arguments>
<msg timestamp="20191110 18:07:12.968" level="INFO">Slept 1 second</msg>
<status status="PASS" starttime="20191110 18:07:11.967" endtime="20191110 18:07:12.968"></status>
</kw>
<status status="PASS" starttime="20191110 18:07:11.908" endtime="20191110 18:07:12.968"></status>
</kw>
<kw name="ปิดเบราว์เซอร์" library="key">
<kw name="Close Browser" library="Selenium2Library">
<doc>Closes the current browser.</doc>
<status status="PASS" starttime="20191110 18:07:12.969" endtime="20191110 18:07:15.263"></status>
</kw>
<status status="PASS" starttime="20191110 18:07:12.968" endtime="20191110 18:07:15.263"></status>
</kw>
<tags>
<tag>Success</tag>
</tags>
<status status="PASS" starttime="20191110 18:06:56.147" endtime="20191110 18:07:15.263" critical="yes"></status>
</test>
<test id="s1-t2" name="กรณีปล่อยว่าง">
<tags>
<tag>Blank</tag>
</tags>
<status status="FAIL" starttime="20191110 18:07:15.264" endtime="20191110 18:07:15.267" critical="yes">Test case contains no keywords.</status>
</test>
<test id="s1-t3" name="กรณีบันทึกไม่สำเร็จไม่ได้บันทึกชื่อ">
<tags>
<tag>Fail</tag>
</tags>
<status status="FAIL" starttime="20191110 18:07:15.269" endtime="20191110 18:07:15.274" critical="yes">Test case contains no keywords.</status>
</test>
<test id="s1-t4" name="กรณีบันทึกไม่สำเร็จไม่ได้บันทึกอีเมล">
<tags>
<tag>Fail</tag>
</tags>
<status status="FAIL" starttime="20191110 18:07:15.276" endtime="20191110 18:07:15.278" critical="yes">Test case contains no keywords.</status>
</test>
<test id="s1-t5" name="กรณีบันทึกไม่สำเร็จไม่ได้บันทึกที่อยู่">
<tags>
<tag>Fail</tag>
</tags>
<status status="FAIL" starttime="20191110 18:07:15.280" endtime="20191110 18:07:15.283" critical="yes">Test case contains no keywords.</status>
</test>
<test id="s1-t6" name="กรณีบันทึกไม่สำเร็จไม่ได้บันทึกเมือง">
<tags>
<tag>Fail</tag>
</tags>
<status status="FAIL" starttime="20191110 18:07:15.285" endtime="20191110 18:07:15.288" critical="yes">Test case contains no keywords.</status>
</test>
<test id="s1-t7" name="กรณีบันทึกไม่สำเร็จไม่ได้บันทึกจังหวัด">
<tags>
<tag>Fail</tag>
</tags>
<status status="FAIL" starttime="20191110 18:07:15.289" endtime="20191110 18:07:15.291" critical="yes">Test case contains no keywords.</status>
</test>
<test id="s1-t8" name="กรณีบันทึกไม่สำเร็จไม่ได้บันทึกรหัสไปรษณีย์">
<tags>
<tag>Fail</tag>
</tags>
<status status="FAIL" starttime="20191110 18:07:15.293" endtime="20191110 18:07:15.295" critical="yes">Test case contains no keywords.</status>
</test>
<test id="s1-t9" name="กรณีบันทึกไม่สำเร็จไม่ได้บันทึกชื่อเจ้าของบัตร">
<tags>
<tag>Fail</tag>
</tags>
<status status="FAIL" starttime="20191110 18:07:15.296" endtime="20191110 18:07:15.299" critical="yes">Test case contains no keywords.</status>
</test>
<test id="s1-t10" name="กรณีบันทึกไม่สำเร็จไม่ได้บันทึกหมายเลขบัตร">
<tags>
<tag>Fail</tag>
</tags>
<status status="FAIL" starttime="20191110 18:07:15.302" endtime="20191110 18:07:15.304" critical="yes">Test case contains no keywords.</status>
</test>
<test id="s1-t11" name="กรณีบันทึกไม่สำเร็จไม่ได้บันทึกเดือนหมดอายุบัตร">
<tags>
<tag>Fail</tag>
</tags>
<status status="FAIL" starttime="20191110 18:07:15.306" endtime="20191110 18:07:15.309" critical="yes">Test case contains no keywords.</status>
</test>
<test id="s1-t12" name="กรณีบันทึกไม่สำเร็จไม่ได้บันทึกปีหมดอายุบัตร">
<tags>
<tag>Fail</tag>
</tags>
<status status="FAIL" starttime="20191110 18:07:15.311" endtime="20191110 18:07:15.313" critical="yes">Test case contains no keywords.</status>
</test>
<test id="s1-t13" name="กรณีบันทึกไม่สำเร็จไม่ได้บันทึกรหัส CVV">
<tags>
<tag>Fail</tag>
</tags>
<status status="FAIL" starttime="20191110 18:07:15.315" endtime="20191110 18:07:15.317" critical="yes">Test case contains no keywords.</status>
</test>
<doc>"การทดสอบคครั้งนี้ทำเพื่อทดสอบการบันทึกฟอร์ม"</doc>
<status status="FAIL" starttime="20191110 18:06:55.961" endtime="20191110 18:07:15.320"></status>
</suite>
<statistics>
<total>
<stat pass="1" fail="12">Critical Tests</stat>
<stat pass="1" fail="12">All Tests</stat>
</total>
<tag>
<stat pass="0" fail="1">Blank</stat>
<stat pass="0" fail="11">Fail</stat>
<stat pass="1" fail="0">Success</stat>
</tag>
<suite>
<stat pass="1" fail="12" id="s1" name="Res Form">Res Form</stat>
</suite>
</statistics>
<errors>
<msg timestamp="20191110 18:06:56.141" level="ERROR">Error in file 'E:\My programming\robot-framework\Responsive Checkout Form\key.resource': Importing test library 'selenium2Library' failed: ModuleNotFoundError: No module named 'selenium2Library'
Traceback (most recent call last):
  None
PYTHONPATH:
  C:\Users\Namchok\AppData\Local\Programs\Python\Python37-32\Scripts\robot.exe
  c:\users\namchok\appdata\local\programs\python\python37-32\python37.zip
  c:\users\namchok\appdata\local\programs\python\python37-32\DLLs
  c:\users\namchok\appdata\local\programs\python\python37-32\lib
  c:\users\namchok\appdata\local\programs\python\python37-32
  c:\users\namchok\appdata\local\programs\python\python37-32\lib\site-packages</msg>
</errors>
</robot>
